[    0.000000] Initializing cgroup subsys cpuset
[    0.000000] Initializing cgroup subsys cpu
[    0.000000] Initializing cgroup subsys cpuacct
[    0.000000] Linux version 4.4.0-93-generic (buildd@lgw01-03) (gcc version 5.4.0 20160609 (Ubuntu 5.4.0-6ubuntu1~16.04.4) ) #116-Ubuntu SMP Fri Aug 11 21:17:51 UTC 2017 (Ubuntu 4.4.0-93.116-generic 4.4.79)
[    0.000000] Command line: BOOT_IMAGE=/boot/vmlinuz-4.4.0-93-generic root=LABEL=cloudimg-rootfs ro console=tty1 console=ttyS0
[    0.000000] KERNEL supported cpus:
[    0.000000]   Intel GenuineIntel
[    0.000000]   AMD AuthenticAMD
[    0.000000]   Centaur CentaurHauls
[    0.000000] x86/fpu: xstate_offset[2]:  576, xstate_sizes[2]:  256
[    0.000000] x86/fpu: Supporting XSAVE feature 0x01: 'x87 floating point registers'
[    0.000000] x86/fpu: Supporting XSAVE feature 0x02: 'SSE registers'
[    0.000000] x86/fpu: Supporting XSAVE feature 0x04: 'AVX registers'
[    0.000000] x86/fpu: Enabled xstate features 0x7, context size is 832 bytes, using 'standard' format.
[    0.000000] x86/fpu: Using 'lazy' FPU context switches.
[    0.000000] e820: BIOS-provided physical RAM map:
[    0.000000] BIOS-e820: [mem 0x0000000000000000-0x000000000009fbff] usable
[    0.000000] BIOS-e820: [mem 0x000000000009fc00-0x000000000009ffff] reserved
[    0.000000] BIOS-e820: [mem 0x00000000000f0000-0x00000000000fffff] reserved
[    0.000000] BIOS-e820: [mem 0x0000000000100000-0x00000000dffeffff] usable
[    0.000000] BIOS-e820: [mem 0x00000000dfff0000-0x00000000dfffffff] ACPI data
[    0.000000] BIOS-e820: [mem 0x00000000fec00000-0x00000000fec00fff] reserved
[    0.000000] BIOS-e820: [mem 0x00000000fee00000-0x00000000fee00fff] reserved
[    0.000000] BIOS-e820: [mem 0x00000000fffc0000-0x00000000ffffffff] reserved
[    0.000000] BIOS-e820: [mem 0x0000000100000000-0x000000011fffffff] usable
[    0.000000] NX (Execute Disable) protection: active
[    0.000000] SMBIOS 2.5 present.
[    0.000000] Hypervisor detected: KVM
[    0.000000] e820: last_pfn = 0x120000 max_arch_pfn = 0x400000000
[    0.000000] MTRR: Disabled
[    0.000000] x86/PAT: MTRRs disabled, skipping PAT initialization too.
[    0.000000] CPU MTRRs all blank - virtualized system.
[    0.000000] x86/PAT: Configuration [0-7]: WB  WT  UC- UC  WB  WT  UC- UC  
[    0.000000] e820: last_pfn = 0xdfff0 max_arch_pfn = 0x400000000
[    0.000000] found SMP MP-table at [mem 0x0009fff0-0x0009ffff] mapped at [ffff88000009fff0]
[    0.000000] Scanning 1 areas for low memory corruption
[    0.000000] RAMDISK: [mem 0x36ac4000-0x37559fff]
[    0.000000] ACPI: Early table checksum verification disabled
[    0.000000] ACPI: RSDP 0x00000000000E0000 000024 (v02 VBOX  )
[    0.000000] ACPI: XSDT 0x00000000DFFF0030 00003C (v01 VBOX   VBOXXSDT 00000001 ASL  00000061)
[    0.000000] ACPI: FACP 0x00000000DFFF00F0 0000F4 (v04 VBOX   VBOXFACP 00000001 ASL  00000061)
[    0.000000] ACPI: DSDT 0x00000000DFFF0470 0021C8 (v02 VBOX   VBOXBIOS 00000002 INTL 20100528)
[    0.000000] ACPI: FACS 0x00000000DFFF0200 000040
[    0.000000] ACPI: FACS 0x00000000DFFF0200 000040
[    0.000000] ACPI: APIC 0x00000000DFFF0240 00005C (v02 VBOX   VBOXAPIC 00000001 ASL  00000061)
[    0.000000] ACPI: SSDT 0x00000000DFFF02A0 0001CC (v01 VBOX   VBOXCPUT 00000002 INTL 20100528)
[    0.000000] No NUMA configuration found
[    0.000000] Faking a node at [mem 0x0000000000000000-0x000000011fffffff]
[    0.000000] NODE_DATA(0) allocated [mem 0x11fff7000-0x11fffbfff]
[    0.000000] kvm-clock: Using msrs 4b564d01 and 4b564d00
[    0.000000] kvm-clock: cpu 0, msr 1:1ffef001, primary cpu clock
[    0.000000] kvm-clock: using sched offset of 3455013369 cycles
[    0.000000] clocksource: kvm-clock: mask: 0xffffffffffffffff max_cycles: 0x1cd42e4dffb, max_idle_ns: 881590591483 ns
[    0.000000] Zone ranges:
[    0.000000]   DMA      [mem 0x0000000000001000-0x0000000000ffffff]
[    0.000000]   DMA32    [mem 0x0000000001000000-0x00000000ffffffff]
[    0.000000]   Normal   [mem 0x0000000100000000-0x000000011fffffff]
[    0.000000]   Device   empty
[    0.000000] Movable zone start for each node
[    0.000000] Early memory node ranges
[    0.000000]   node   0: [mem 0x0000000000001000-0x000000000009efff]
[    0.000000]   node   0: [mem 0x0000000000100000-0x00000000dffeffff]
[    0.000000]   node   0: [mem 0x0000000100000000-0x000000011fffffff]
[    0.000000] Initmem setup node 0 [mem 0x0000000000001000-0x000000011fffffff]
[    0.000000] ACPI: PM-Timer IO Port: 0x4008
[    0.000000] IOAPIC[0]: apic_id 2, version 32, address 0xfec00000, GSI 0-23
[    0.000000] ACPI: INT_SRC_OVR (bus 0 bus_irq 0 global_irq 2 dfl dfl)
[    0.000000] ACPI: INT_SRC_OVR (bus 0 bus_irq 9 global_irq 9 high level)
[    0.000000] Using ACPI (MADT) for SMP configuration information
[    0.000000] smpboot: Allowing 2 CPUs, 0 hotplug CPUs
[    0.000000] PM: Registered nosave memory: [mem 0x00000000-0x00000fff]
[    0.000000] PM: Registered nosave memory: [mem 0x0009f000-0x0009ffff]
[    0.000000] PM: Registered nosave memory: [mem 0x000a0000-0x000effff]
[    0.000000] PM: Registered nosave memory: [mem 0x000f0000-0x000fffff]
[    0.000000] PM: Registered nosave memory: [mem 0xdfff0000-0xdfffffff]
[    0.000000] PM: Registered nosave memory: [mem 0xe0000000-0xfebfffff]
[    0.000000] PM: Registered nosave memory: [mem 0xfec00000-0xfec00fff]
[    0.000000] PM: Registered nosave memory: [mem 0xfec01000-0xfedfffff]
[    0.000000] PM: Registered nosave memory: [mem 0xfee00000-0xfee00fff]
[    0.000000] PM: Registered nosave memory: [mem 0xfee01000-0xfffbffff]
[    0.000000] PM: Registered nosave memory: [mem 0xfffc0000-0xffffffff]
[    0.000000] e820: [mem 0xe0000000-0xfebfffff] available for PCI devices
[    0.000000] Booting paravirtualized kernel on KVM
[    0.000000] clocksource: refined-jiffies: mask: 0xffffffff max_cycles: 0xffffffff, max_idle_ns: 7645519600211568 ns
[    0.000000] setup_percpu: NR_CPUS:512 nr_cpumask_bits:512 nr_cpu_ids:2 nr_node_ids:1
[    0.000000] PERCPU: Embedded 34 pages/cpu @ffff88011fc00000 s98328 r8192 d32744 u1048576
[    0.000000] PV qspinlock hash table entries: 256 (order: 0, 4096 bytes)
[    0.000000] Built 1 zonelists in Node order, mobility grouping on.  Total pages: 1032057
[    0.000000] Policy zone: Normal
[    0.000000] Kernel command line: BOOT_IMAGE=/boot/vmlinuz-4.4.0-93-generic root=LABEL=cloudimg-rootfs ro console=tty1 console=ttyS0
[    0.000000] PID hash table entries: 4096 (order: 3, 32768 bytes)
[    0.000000] Memory: 4032236K/4193848K available (8479K kernel code, 1294K rwdata, 3984K rodata, 1492K init, 1316K bss, 161612K reserved, 0K cma-reserved)
[    0.000000] SLUB: HWalign=64, Order=0-3, MinObjects=0, CPUs=2, Nodes=1
[    0.000000] Hierarchical RCU implementation.
[    0.000000] 	Build-time adjustment of leaf fanout to 64.
[    0.000000] 	RCU restricting CPUs from NR_CPUS=512 to nr_cpu_ids=2.
[    0.000000] RCU: Adjusting geometry for rcu_fanout_leaf=64, nr_cpu_ids=2
[    0.000000] NR_IRQS:33024 nr_irqs:440 16
[    0.000000] Console: colour VGA+ 80x25
[    0.000000] console [tty1] enabled
[    0.000000] console [ttyS0] enabled
[    0.000000] tsc: Detected 2294.770 MHz processor
[    5.466984] Calibrating delay loop (skipped) preset value.. 4589.54 BogoMIPS (lpj=9179080)
[    5.549971] pid_max: default: 32768 minimum: 301
[    5.560247] ACPI: Core revision 20150930
[    5.563808] ACPI: 2 ACPI AML tables successfully acquired and loaded
[    5.593087] Security Framework initialized
[    5.613369] Yama: becoming mindful.
[    5.620081] AppArmor: AppArmor initialized
[    5.685141] Dentry cache hash table entries: 524288 (order: 10, 4194304 bytes)
[    5.726394] Inode-cache hash table entries: 262144 (order: 9, 2097152 bytes)
[    5.766849] Mount-cache hash table entries: 8192 (order: 4, 65536 bytes)
[    5.807746] Mountpoint-cache hash table entries: 8192 (order: 4, 65536 bytes)
[    5.849795] Initializing cgroup subsys io
[    5.878039] Initializing cgroup subsys memory
[    5.890118] Initializing cgroup subsys devices
[    5.934406] Initializing cgroup subsys freezer
[    5.941243] Initializing cgroup subsys net_cls
[    5.993653] Initializing cgroup subsys perf_event
[    5.995091] Initializing cgroup subsys net_prio
[    6.013285] Initializing cgroup subsys hugetlb
[    6.062222] Initializing cgroup subsys pids
[    6.125564] CPU: Physical Processor ID: 0
[    6.155060] CPU: Processor Core ID: 0
[    6.156706] mce: CPU supports 0 MCE banks
[    6.205552] Last level iTLB entries: 4KB 512, 2MB 8, 4MB 8
[    6.285750] Last level dTLB entries: 4KB 512, 2MB 32, 4MB 32, 1GB 0
[    6.323768] Freeing SMP alternatives memory: 32K (ffffffff820ba000 - ffffffff820c2000)
[    6.347347] ftrace: allocating 32136 entries in 126 pages
[    6.423087] smpboot: APIC(0) Converting physical 0 to logical package 0
[    6.474890] smpboot: Max logical packages: 1
[    6.514729] x2apic enabled
[    6.532434] Switched APIC routing to physical x2apic.
[    6.588842] ..TIMER: vector=0x30 apic1=0 pin1=2 apic2=-1 pin2=-1
[    6.765315] smpboot: CPU0: Intel(R) Core(TM) i7-3615QM CPU @ 2.30GHz (family: 0x6, model: 0x3a, stepping: 0x9)
[    6.887846] Performance Events: unsupported p6 CPU model 58 no PMU driver, software events only.
[    6.924011] KVM setup paravirtual spinlock
[    6.965121] x86: Booting SMP configuration:
[    6.999147] .... node  #0, CPUs:      #1
[    7.018644] kvm-clock: cpu 1, msr 1:1ffef041, secondary cpu clock
[    7.097561] mce: CPU supports 0 MCE banks
[    7.167207] x86: Booted up 1 node, 2 CPUs
[    7.219100] smpboot: Total of 2 processors activated (9179.08 BogoMIPS)
[    7.293379] devtmpfs: initialized
[    7.311851] evm: security.selinux
[    7.347633] evm: security.SMACK64
[    7.369865] evm: security.SMACK64EXEC
[    7.429757] evm: security.SMACK64TRANSMUTE
[    7.477951] evm: security.SMACK64MMAP
[    7.533851] evm: security.ima
[    7.560171] evm: security.capability
[    7.580154] clocksource: jiffies: mask: 0xffffffff max_cycles: 0xffffffff, max_idle_ns: 7645041785100000 ns
[    7.642573] futex hash table entries: 512 (order: 3, 32768 bytes)
[    7.665219] pinctrl core: initialized pinctrl subsystem
[    7.699946] RTC time: 22:09:32, date: 12/14/17
[    7.731701] NET: Registered protocol family 16
[    7.769645] cpuidle: using governor ladder
[    7.809453] cpuidle: using governor menu
[    7.834784] PCCT header not found.
[    7.867414] ACPI: bus type PCI registered
[    7.891286] acpiphp: ACPI Hot Plug PCI Controller Driver version: 0.5
[    7.931970] PCI: Using configuration type 1 for base access
[    7.980511] ACPI: Added _OSI(Module Device)
[    8.012953] ACPI: Added _OSI(Processor Device)
[    8.028304] ACPI: Added _OSI(3.0 _SCP Extensions)
[    8.059240] ACPI: Added _OSI(Processor Aggregator Device)
[    8.105034] ACPI: Executed 1 blocks of module-level executable AML code
[    8.130477] ACPI: Interpreter enabled
[    8.155230] ACPI: (supports S0 S5)
[    8.173966] ACPI: Using IOAPIC for interrupt routing
[    8.202278] PCI: Using host bridge windows from ACPI; if necessary, use "pci=nocrs" and report a bug
[    8.268510] ACPI: PCI Root Bridge [PCI0] (domain 0000 [bus 00-ff])
[    8.306790] acpi PNP0A03:00: _OSC: OS supports [ASPM ClockPM Segments MSI]
[    8.362468] acpi PNP0A03:00: _OSC failed (AE_NOT_FOUND); disabling ASPM
[    8.403239] acpi PNP0A03:00: fail to add MMCONFIG information, can't access extended PCI configuration space under this bridge.
[    8.466111] PCI host bridge to bus 0000:00
[    8.478126] pci_bus 0000:00: root bus resource [io  0x0000-0x0cf7 window]
[    8.510881] pci_bus 0000:00: root bus resource [io  0x0d00-0xffff window]
[    8.579586] pci_bus 0000:00: root bus resource [mem 0x000a0000-0x000bffff window]
[    8.676183] pci_bus 0000:00: root bus resource [mem 0xe0000000-0xffdfffff window]
[    8.766797] pci_bus 0000:00: root bus resource [bus 00-ff]
[    8.795692] pci 0000:00:01.1: legacy IDE quirk: reg 0x10: [io  0x01f0-0x01f7]
[    8.849018] pci 0000:00:01.1: legacy IDE quirk: reg 0x14: [io  0x03f6]
[    8.911982] pci 0000:00:01.1: legacy IDE quirk: reg 0x18: [io  0x0170-0x0177]
[    8.991316] pci 0000:00:01.1: legacy IDE quirk: reg 0x1c: [io  0x0376]
[    9.088002] pci 0000:00:07.0: quirk: [io  0x4000-0x403f] claimed by PIIX4 ACPI
[    9.173791] pci 0000:00:07.0: quirk: [io  0x4100-0x410f] claimed by PIIX4 SMB
[    9.270724] ACPI: PCI Interrupt Link [LNKA] (IRQs 5 9 10 *11)
[    9.299906] ACPI: PCI Interrupt Link [LNKB] (IRQs 5 9 10 *11)
[    9.335465] ACPI: PCI Interrupt Link [LNKC] (IRQs 5 9 *10 11)
[    9.394613] ACPI: PCI Interrupt Link [LNKD] (IRQs 5 *9 10 11)
[    9.453918] ACPI: Enabled 2 GPEs in block 00 to 07
[    9.480118] vgaarb: setting as boot device: PCI:0000:00:02.0
[    9.532636] vgaarb: device added: PCI:0000:00:02.0,decodes=io+mem,owns=io+mem,locks=none
[    9.546938] vgaarb: loaded
[    9.593893] vgaarb: bridge control possible 0000:00:02.0
[    9.626689] SCSI subsystem initialized
[    9.649361] ACPI: bus type USB registered
[    9.662343] usbcore: registered new interface driver usbfs
[    9.713458] usbcore: registered new interface driver hub
[    9.791249] usbcore: registered new device driver usb
[    9.815148] PCI: Using ACPI for IRQ routing
[    9.840090] NetLabel: Initializing
[    9.873993] NetLabel:  domain hash size = 128
[    9.886414] NetLabel:  protocols = UNLABELED CIPSOv4
[    9.894578] NetLabel:  unlabeled traffic allowed by default
[    9.925243] amd_nb: Cannot enumerate AMD northbridges
[    9.972452] clocksource: Switched to clocksource kvm-clock
[   10.050670] AppArmor: AppArmor Filesystem Enabled
[   10.059140] pnp: PnP ACPI init
[   10.073336] pnp: PnP ACPI: found 3 devices
[   10.159030] clocksource: acpi_pm: mask: 0xffffff max_cycles: 0xffffff, max_idle_ns: 2085701024 ns
[   10.223601] NET: Registered protocol family 2
[   10.264229] TCP established hash table entries: 32768 (order: 6, 262144 bytes)
[   10.319496] TCP bind hash table entries: 32768 (order: 7, 524288 bytes)
[   10.442228] TCP: Hash tables configured (established 32768 bind 32768)
[   10.572754] UDP hash table entries: 2048 (order: 4, 65536 bytes)
[   10.690743] UDP-Lite hash table entries: 2048 (order: 4, 65536 bytes)
[   10.732803] NET: Registered protocol family 1
[   10.817988] pci 0000:00:00.0: Limiting direct PCI/PCI transfers
[   10.863363] pci 0000:00:01.0: Activating ISA DMA hang workarounds
[   10.973311] Unpacking initramfs...
[   12.901421] Freeing initrd memory: 10840K (ffff880036ac4000 - ffff88003755a000)
[   12.925572] PCI-DMA: Using software bounce buffering for IO (SWIOTLB)
[   12.942730] software IO TLB [mem 0xdbff0000-0xdfff0000] (64MB) mapped at [ffff8800dbff0000-ffff8800dffeffff]
[   13.046497] RAPL PMU detected, API unit is 2^-32 Joules, 3 fixed counters 10737418240 ms ovfl timer
[   13.238939] hw unit of domain pp0-core 2^-0 Joules
[   13.317727] hw unit of domain package 2^-0 Joules
[   13.350131] hw unit of domain pp1-gpu 2^-0 Joules
[   13.363306] platform rtc_cmos: registered platform RTC device (no PNP device found)
[   13.403905] Scanning for low memory corruption every 60 seconds
[   13.415501] audit: initializing netlink subsys (disabled)
[   13.422980] audit: type=2000 audit(1513289374.311:1): initialized
[   13.499935] Initialise system trusted keyring
[   13.516922] HugeTLB registered 2 MB page size, pre-allocated 0 pages
[   13.636128] zbud: loaded
[   13.699251] VFS: Disk quotas dquot_6.6.0
[   13.746756] VFS: Dquot-cache hash table entries: 512 (order 0, 4096 bytes)
[   13.784071] squashfs: version 4.0 (2009/01/31) Phillip Lougher
[   13.787058] fuse init (API version 7.23)
[   13.801895] Key type big_key registered
[   13.817254] Allocating IMA MOK and blacklist keyrings.
[   13.827842] Key type asymmetric registered
[   13.833143] Asymmetric key parser 'x509' registered
[   13.839553] Block layer SCSI generic (bsg) driver version 0.4 loaded (major 249)
[   13.849480] io scheduler noop registered
[   13.855564] io scheduler deadline registered (default)
[   13.863560] io scheduler cfq registered
[   13.869460] pci_hotplug: PCI Hot Plug PCI Core version: 0.5
[   13.874813] pciehp: PCI Express Hot Plug Controller Driver version: 0.4
[   13.887738] ACPI: AC Adapter [AC] (on-line)
[   13.932165] input: Power Button as /devices/LNXSYSTM:00/LNXPWRBN:00/input/input0
[   14.105120] ACPI: Power Button [PWRF]
[   14.259091] input: Sleep Button as /devices/LNXSYSTM:00/LNXSLPBN:00/input/input1
[   14.522178] tsc: Refined TSC clocksource calibration: 2299.081 MHz
[   14.651376] clocksource: tsc: mask: 0xffffffffffffffff max_cycles: 0x2123d0db05b, max_idle_ns: 440795248596 ns
[   14.651472] ACPI: Sleep Button [SLPF]
[   14.651793] GHES: HEST is not enabled!
[   14.855406] ACPI: Battery Slot [BAT0] (battery present)
[   14.855451] Serial: 8250/16550 driver, 32 ports, IRQ sharing enabled
[   14.919419] 00:02: ttyS0 at I/O 0x3f8 (irq = 4, base_baud = 115200) is a 16550A
[   14.945389] Linux agpgart interface v0.103
[   14.983583] loop: module loaded
[   14.984684] scsi host0: ata_piix
[   14.984865] scsi host1: ata_piix
[   14.984996] ata1: PATA max UDMA/33 cmd 0x1f0 ctl 0x3f6 bmdma 0xd000 irq 14
[   14.984997] ata2: PATA max UDMA/33 cmd 0x170 ctl 0x376 bmdma 0xd008 irq 15
[   14.985080] libphy: Fixed MDIO Bus: probed
[   14.985082] tun: Universal TUN/TAP device driver, 1.6
[   14.985082] tun: (C) 1999-2004 Max Krasnyansky <maxk@qualcomm.com>
[   14.985622] PPP generic driver version 2.4.2
[   14.985690] ehci_hcd: USB 2.0 'Enhanced' Host Controller (EHCI) Driver
[   14.985695] ehci-pci: EHCI PCI platform driver
[   14.985713] ehci-platform: EHCI generic platform driver
[   14.985724] ohci_hcd: USB 1.1 'Open' Host Controller (OHCI) Driver
[   14.985729] ohci-pci: OHCI PCI platform driver
[   14.985742] ohci-platform: OHCI generic platform driver
[   14.985752] uhci_hcd: USB Universal Host Controller Interface driver
[   14.985893] i8042: PNP: PS/2 Controller [PNP0303:PS2K,PNP0f03:PS2M] at 0x60,0x64 irq 1,12
[   14.986634] serio: i8042 KBD port at 0x60,0x64 irq 1
[   14.986640] serio: i8042 AUX port at 0x60,0x64 irq 12
[   14.986761] mousedev: PS/2 mouse device common for all mice
[   14.987135] input: AT Translated Set 2 keyboard as /devices/platform/i8042/serio0/input/input2
[   14.987779] rtc_cmos rtc_cmos: rtc core: registered rtc_cmos as rtc0
[   14.987873] rtc_cmos rtc_cmos: alarms up to one day, 114 bytes nvram
[   14.987885] i2c /dev entries driver
[   14.988022] device-mapper: uevent: version 1.0.3
[   14.988163] device-mapper: ioctl: 4.34.0-ioctl (2015-10-28) initialised: dm-devel@redhat.com
[   14.988181] ledtrig-cpu: registered to indicate activity on CPUs
[   14.989407] NET: Registered protocol family 10
[   14.989655] NET: Registered protocol family 17
[   14.989665] Key type dns_resolver registered
[   14.989834] microcode: CPU0 sig=0x306a9, pf=0x2, revision=0x19
[   15.027299] microcode: CPU1 sig=0x306a9, pf=0x2, revision=0x19
[   15.027585] microcode: Microcode Update Driver: v2.01 <tigran@aivazian.fsnet.co.uk>, Peter Oruba
[   15.030376] registered taskstats version 1
[   15.030396] Loading compiled-in X.509 certificates
[   15.031204] Loaded X.509 cert 'Build time autogenerated kernel key: a6f98c496ad22cf23b77f8fe21ff88c41791cbd4'
[   15.031265] zswap: loaded using pool lzo/zbud
[   15.033612] Key type trusted registered
[   15.039189] Key type encrypted registered
[   15.039229] AppArmor: AppArmor sha1 policy hashing enabled
[   15.039233] ima: No TPM chip found, activating TPM-bypass!
[   15.039278] evm: HMAC attrs: 0x1
[   15.039765]   Magic number: 13:41:199
[   15.044139] rtc_cmos rtc_cmos: setting system clock to 2017-12-14 22:09:39 UTC (1513289379)
[   15.044370] BIOS EDD facility v0.16 2004-Jun-25, 0 devices found
[   15.044371] EDD information not available.
[   18.384917] Freeing unused kernel memory: 1492K (ffffffff81f45000 - ffffffff820ba000)
[   18.474439] Write protecting the kernel read-only data: 14336k
[   18.492005] Freeing unused kernel memory: 1748K (ffff88000184b000 - ffff880001a00000)
[   18.535196] Freeing unused kernel memory: 112K (ffff880001de4000 - ffff880001e00000)
Loading, please wait...
starting version[   18.564755] random: systemd-udevd: uninitialized urandom read (16 bytes read, 4 bits of entropy available)
 229
[   18.565078] random: udevadm: uninitialized urandom read (16 bytes read, 4 bits of entropy available)
[   18.565117] random: udevadm: uninitialized urandom read (16 bytes read, 4 bits of entropy available)
[   18.565247] random: udevadm: uninitialized urandom read (16 bytes read, 4 bits of entropy available)
[   18.565297] random: udevadm: uninitialized urandom read (16 bytes read, 4 bits of entropy available)
[   18.565356] random: udevadm: uninitialized urandom read (16 bytes read, 4 bits of entropy available)
[   18.565403] random: udevadm: uninitialized urandom read (16 bytes read, 4 bits of entropy available)
[   18.565449] random: udevadm: uninitialized urandom read (16 bytes read, 4 bits of entropy available)
[   18.565495] random: udevadm: uninitialized urandom read (16 bytes read, 4 bits of entropy available)
[   18.565539] random: udevadm: uninitialized urandom read (16 bytes read, 4 bits of entropy available)
[   19.394750] e1000: Intel(R) PRO/1000 Network Driver - version 7.3.21-k8-NAPI
[   19.545596] e1000: Copyright (c) 1999-2006 Intel Corporation.
[   19.558975] Fusion MPT base driver 3.04.20
[   19.571212] Copyright (c) 1999-2008 LSI Corporation
[   19.613441] Fusion MPT SPI Host driver 3.04.20
[   19.660595] mptbase: ioc0: Initiating bringup
[   19.695830] AVX version of gcm_enc/dec engaged.
[   19.763097] ioc0: LSI53C1030 A0: Capabilities={Initiator}
[   19.960058] AES CTR mode by8 optimization enabled
[   20.045021] scsi host2: ioc0: LSI53C1030 A0, FwRev=00000000h, Ports=1, MaxQ=256, IRQ=20
[   20.158959] input: ImExPS/2 Generic Explorer Mouse as /devices/platform/i8042/serio1/input/input4
[   20.163477] scsi 2:0:0:0: Direct-Access     VBOX     HARDDISK         1.0  PQ: 0 ANSI: 5
[   20.163483] scsi target2:0:0: Beginning Domain Validation
[   20.164650] scsi target2:0:0: Domain Validation skipping write tests
[   20.164650] scsi target2:0:0: Ending Domain Validation
[   20.164706] scsi target2:0:0: asynchronous
[   20.165243] scsi 2:0:1:0: Direct-Access     VBOX     HARDDISK         1.0  PQ: 0 ANSI: 5
[   20.165247] scsi target2:0:1: Beginning Domain Validation
[   20.166584] scsi target2:0:1: Domain Validation skipping write tests
[   20.166585] scsi target2:0:1: Ending Domain Validation
[   20.166640] scsi target2:0:1: asynchronous
[   20.172128] sd 2:0:0:0: Attached scsi generic sg0 type 0
[   20.172455] sd 2:0:0:0: [sda] 20971520 512-byte logical blocks: (10.7 GB/10.0 GiB)
[   20.172561] sd 2:0:1:0: [sdb] 20480 512-byte logical blocks: (10.5 MB/10.0 MiB)
[   20.172665] sd 2:0:0:0: [sda] Write Protect is off
[   20.172705] sd 2:0:1:0: [sdb] Write Protect is off
[   20.172744] sd 2:0:0:0: [sda] Incomplete mode parameter data
[   20.172745] sd 2:0:0:0: [sda] Assuming drive cache: write through
[   20.172787] sd 2:0:1:0: [sdb] Incomplete mode parameter data
[   20.172788] sd 2:0:1:0: [sdb] Assuming drive cache: write through
[   20.173184] sd 2:0:1:0: Attached scsi generic sg1 type 0
[   20.177460]  sda: sda1
[   20.178507] sd 2:0:1:0: [sdb] Attached SCSI disk
[   20.178581] sd 2:0:0:0: [sda] Attached SCSI disk
[   20.800851] e1000 0000:00:03.0 eth0: (PCI:33MHz:32-bit) 02:04:e4:df:e4:d8
[   20.800855] e1000 0000:00:03.0 eth0: Intel(R) PRO/1000 Network Connection
[   20.817641] e1000 0000:00:03.0 enp0s3: renamed from eth0
[   22.692855] floppy0: no floppy controllers found
Begin: Loading essential drivers[   24.149559] md: linear personality registered for level -1
 ... [   24.172571] md: multipath personality registered for level -4
[   24.204173] md: raid0 personality registered for level 0
[   24.224849] md: raid1 personality registered for level 1
[   24.328574] raid6: sse2x1   gen()  7327 MB/s
[   24.408695] raid6: sse2x1   xor()  5556 MB/s
[   24.528539] raid6: sse2x2   gen()  9402 MB/s
[   24.644556] raid6: sse2x2   xor()  6524 MB/s
[   24.752672] raid6: sse2x4   gen() 11792 MB/s
[   24.852963] raid6: sse2x4   xor()  7028 MB/s
[   24.886085] raid6: using algorithm sse2x4 gen() 11792 MB/s
[   24.908820] raid6: .... xor() 7028 MB/s, rmw enabled
[   24.956783] raid6: using ssse3x2 recovery algorithm
[   24.983980] xor: automatically using best checksumming function:
[   25.120527]    avx       : 17704.000 MB/sec
[   25.181396] async_tx: api initialized (async)
[   25.265794] md: raid6 personality registered for level 6
[   25.287411] md: raid5 personality registered for level 5
[   25.304545] md: raid4 personality registered for level 4
[   25.315938] md: raid10 personality registered for level 10
done.
Begin: Running /scripts/init-premount ... done.
Begin: Mounting root file system ... Begin: Running /scripts/local-top ... done.
Begin:[   25.377405] Btrfs loaded
 Running /scripts/local-premount ... Scanning for Btrfs filesystems
done.
Warning: fsck not present, so skipping root file system
[   25.425206] EXT4-fs (sda1): mounted filesystem with ordered data mode. Opts: (null)
done.
Begin: Running /scripts/local-bottom ... done.
Begin: Running /scripts/init-bottom ... done.
[   25.535509] systemd[1]: systemd 229 running in system mode. (+PAM +AUDIT +SELINUX +IMA +APPARMOR +SMACK +SYSVINIT +UTMP +LIBCRYPTSETUP +GCRYPT +GNUTLS +ACL +XZ -LZ4 +SECCOMP +BLKID +ELFUTILS +KMOD -IDN)
[   25.616666] systemd[1]: Detected virtualization oracle.
[   25.623171] systemd[1]: Detected architecture x86-64.

Welcome to [1mUbuntu 16.04.3 LTS[0m!

[   25.657907] systemd[1]: Set hostname to <ubuntu>.
[   25.684148] systemd[1]: Initializing machine ID from random generator.
[   25.687319] systemd[1]: Installed transient /etc/machine-id file.
[   25.886159] systemd[1]: Listening on Syslog Socket.
[[0;32m  OK  [0m] Listening on Syslog Socket.
[   25.944739] systemd[1]: Reached target Encrypted Volumes.
[[0;32m  OK  [0m] Reached target Encrypted Volumes.
[   25.997314] systemd[1]: Listening on udev Control Socket.
[[0;32m  OK  [0m] Listening on udev Control Socket.
[   26.053180] systemd[1]: Listening on Journal Socket (/dev/log).
[[0;32m  OK  [0m] Listening on Journal Socket (/dev/log).
[   26.089928] systemd[1]: Created slice System Slice.
[[0;32m  OK  [0m] Created slice System Slice.
[   26.185454] systemd[1]: Created slice User and Session Slice.
[[0;32m  OK  [0m] Created slice User and Session Slice.
[   26.202378] systemd[1]: Reached target User and Group Name Lookups.
[[0;32m  OK  [0m] Reached target User and Group Name Lookups.
[   26.257095] systemd[1]: Listening on Device-mapper event daemon FIFOs.
[[0;32m  OK  [0m] Listening on Device-mapper event daemon FIFOs.
[   26.311901] systemd[1]: Reached target Swap.
[[0;32m  OK  [0m] Reached target Swap.
[   26.335186] systemd[1]: Set up automount Arbitrary Executable File Formats File System Automount Point.
[[0;32m  OK  [0m] Set up automount Arbitrary Executab...ats File System Automount Point.
[   26.397123] systemd[1]: Listening on Journal Audit Socket.
[[0;32m  OK  [0m] Listening on Journal Audit Socket.
[   26.452992] systemd[1]: Listening on Journal Socket.
[[0;32m  OK  [0m] Listening on Journal Socket.
[   26.489439] systemd[1]: Starting Set console keymap...
         Starting Set console keymap...
[   26.514554] systemd[1]: Mounting POSIX Message Queue File System...
         Mounting POSIX Message Queue File System...
[   26.604665] systemd[1]: Mounting Debug File System...
         Mounting Debug File System...
[   26.685039] systemd[1]: Starting Uncomplicated firewall...
         Starting Uncomplicated firewall...
[   26.757378] systemd[1]: Starting Remount Root and Kernel File Systems...
[   26.760453] EXT4-fs (sda1): re-mounted. Opts: (null)
         Starting Remount Root and Kernel File Systems...
[   26.973289] systemd[1]: Started Forward Password Requests to Wall Directory Watch.
[[0;32m  OK  [0m] Started Forward Password Requests to Wall Directory Watch.
[   27.169202] systemd[1]: Starting Create list of required static device nodes for the current kernel...
[   27.171349] random: nonblocking pool is initialized
         Starting Create list of required st... nodes for the current kernel...
[   27.513314] systemd[1]: Starting Journal Service...
         Starting Journal Service...
[   27.580839] systemd[1]: Starting Nameserver information manager...
         Starting Nameserver information manager...
[   27.617311] systemd[1]: Listening on LVM2 poll daemon socket.
[[0;32m  OK  [0m] Listening on LVM2 poll daemon socket.
[   27.653595] systemd[1]: Created slice system-serial\x2dgetty.slice.
[[0;32m  OK  [0m] Created slice system-serial\x2dgetty.slice.
[   27.679892] systemd[1]: Listening on LVM2 metadata daemon socket.
[[0;32m  OK  [0m] Listening on LVM2 metadata daemon socket.
[   27.729421] systemd[1]: Starting Monitoring of LVM2 mirrors, snapshots etc. using dmeventd or progress polling...
         Starting Monitoring of LVM2 mirrors... dmeventd or progress polling...
[   27.861501] systemd[1]: Reached target Slices.
[[0;32m  OK  [0m] Reached target Slices.
[   27.944957] systemd[1]: Mounting Huge Pages File System...
         Mounting Huge Pages File System...
[   28.001149] systemd[1]: Started Trigger resolvconf update for networkd DNS.
[[0;32m  OK  [0m] Started Trigger resolvconf update for networkd DNS.
[   28.056926] systemd[1]: Listening on /dev/initctl Compatibility Named Pipe.
[[0;32m  OK  [0m] Listening on /dev/initctl Compatibility Named Pipe.
[   28.117225] systemd[1]: Listening on udev Kernel Socket.
[[0;32m  OK  [0m] Listening on udev Kernel Socket.
[   28.161551] systemd[1]: Starting Load Kernel Modules...
         [   28.178560] Loading iSCSI transport class v2.0-870.
Starting Load Kernel Modules...
[   28.207351] iscsi: registered transport (tcp)
[   28.208340] systemd[1]: Mounted Huge Pages File System.
[[0;32m  OK  [0m] Mounted Huge Pages File System.
[   28.243073] systemd[1]: Mounted POSIX Message Queue File System.
[[0;32m  OK  [0m] Mounted POSIX Message Queue File System.
[   28.310515] systemd[1]: Mounted Debug File System.
[[0;32m  OK  [0m] Mounted Debug File System.
[   28.329261] iscsi: registered transport (iser)
[   28.392678] systemd[1]: Started Journal Service.
[[0;32m  OK  [0m] Started Journal Service.
[[0;32m  OK  [0m] Started Set console keymap.
[[0;32m  OK  [0m] Started Uncomplicated firewall.
[[0;32m  OK  [0m] Started Remount Root and Kernel File Systems.
[[0;32m  OK  [0m] Started Create list of required sta...ce nodes for the current kernel.
[[0;32m  OK  [0m] Started Load Kernel Modules.
[[0;32m  OK  [0m] Started Nameserver information manager.
[[0;32m  OK  [0m] Started LVM2 metadata daemon.
         Starting Apply Kernel Variables...
         Mounting FUSE Control File System...
         Starting Create Static Device Nodes in /dev...
         Starting udev Coldplug all Devices...
         Starting Load/Save Random Seed...
         Starting Initial cloud-init job (pre-networking)...
         Starting Flush Journal to Persistent Storage...
[[0;32m  OK  [0m] Mounted FUSE Control File System.
[[0;32m  OK  [0m] Started Apply Kernel Variables.
[[0;32m  OK  [0m] Started Create Static Device Nodes in /dev.
[[0;32m  OK  [0m] Started Load/Save Random Seed.
[[0;32m  OK  [0m] Started udev Coldplug all Devices.
[[0;32m  OK  [0m] Started Monitoring of LVM2 mirrors,...ng dmeventd or progress polling.
[[0;32m  OK  [0m] Started Flush Journal to Persistent Storage.
         Starting udev Kernel Device Manager...
[[0;32m  OK  [0m] Started udev Kernel Device Manager.
[[0;32m  OK  [0m] Started Dispatch Password Requests to Console Directory Watch.
[[0;32m  OK  [0m] Reached target Local File Systems (Pre).
[[0;32m  OK  [0m] Reached target Local File Systems.
         Starting Tell Plymouth To Write Out Runtime Data...
         Starting Create Volatile Files and Directories...
         Starting LSB: AppArmor initialization...
         Starting Set console font and keymap...
         Starting Commit a transient machine-id on disk...
[[0;32m  OK  [0m] Started Tell Plymouth To Write Out Runtime Data.
[[0;32m  OK  [0m] Started Create Volatile Files and Directories.
[[0;32m  OK  [0m] Started Commit a transient machine-id on disk.
[[0;32m  OK  [0m] Found device /dev/ttyS0.
         Starting Update UTMP about System Boot/Shutdown...
[[0;32m  OK  [0m] Reached target System Time Synchronized.
[   21.066872] cloud-init[460]: Cloud-init v. 0.7.9 running 'init-local' at Thu, 14 Dec 2017 22:09:54 +0000. Up 20.55 seconds.
[[0;32m  OK  [0m] Started Initial cloud-init job (pre-networking).
[[0;32m  OK  [0m] Started LSB: AppArmor initialization.
[[0;32m  OK  [0m] Started Set console font and keymap.
[[0;32m  OK  [0m] Started Update UTMP about System Boot/Shutdown.
[[0;32m  OK  [0m] Listening on Load/Save RF Kill Switch Status /dev/rfkill Watch.
[[0;32m  OK  [0m] Created slice system-getty.slice.
[[0;32m  OK  [0m] Reached target Network (Pre).
         Starting Raise network interfaces...
[[0;32m  OK  [0m] Started Raise network interfaces.
[[0;32m  OK  [0m] Reached target Network.
         Starting Initial cloud-init job (metadata service crawler)...
[   24.716640] cloud-init[930]: Cloud-init v. 0.7.9 running 'init' at Thu, 14 Dec 2017 22:09:57 +0000. Up 23.82 seconds.
[[0;32m  OK  [0m] Started Initial cloud-init job (metadata service crawler).
[[0;32m  OK  [0m] Reached target System Initialization.
[   24.774609] cloud-init[930]: ci-info: +++++++++++++++++++++++++++++++++++++Net device info+++++++++++++++++++++++++++++++++++++
[   24.905031] cloud-init[930]: ci-info: +--------+------+---------------------------+---------------+-------+-------------------+
[[0;32m  OK  [0m] Listening on D-Bus System Message Bus Socket.
[   24.967759] cloud-init[930]: ci-info: | Device |  Up  |          Address          |      Mask     | Scope |     Hw-Address    |
[   25.044470] cloud-init[930]: ci-info: +--------+------+---------------------------+---------------+-------+-------------------+
[   25.088689] cloud-init[930]: ci-info: |   lo   | True |         127.0.0.1         |   255.0.0.0   |   .   |         .         |
         Starting LXD - unix socket.
[[0;32m  OK  [0m] Listening on UUID daemon activation socket.
[[0;32m  OK  [0m] Started Timer to automatically refresh installed snaps.
[   25.151815] cloud-init[[930]: [0;32m  OK  [0mci-info: |   lo   | True |          ::1/128          |       .       |  host |         .         |] 
Listening on ACPID Listen Socket.
[[0;32m  OK  [0m] Started ACPI Events Check.
[   25.324507] cloud-init[930]: ci-info: | enp0s3 | True |         10.0.2.15         | 255.255.255.0 |   .   | 02:04:e4:df:e4:d8 |
[   25.424796] [cloud-init[0;32m  OK  [0m[930]: ] ci-info: | enp0s3 | True | fe80::4:e4ff:fedf:e4d8/64 |       .       |  link | 02:04:e4:df:e4:d8 |Reached target Paths.

[   25.501272]          cloud-initStarting Socket activation for snappy daemon.[930]: 
ci-info: +--------+------+---------------------------+---------------+-------+-------------------+
[   25.604682] [cloud-init[0;32m  OK  [0m[930]: ] ci-info: +++++++++++++++++++++++++++Route IPv4 info++++++++++++++++++++++++++++Started Daily Cleanup of Temporary Directories.

[   25.704667] [cloud-init[0;32m  OK  [0m[930]: ] ci-info: +-------+-------------+----------+---------------+-----------+-------+Reached target Network is Online.

[   25.784526]          cloud-initStarting iSCSI initiator daemon (iscsid)...[930]: 
ci-info: | Route | Destination | Gateway  |    Genmask    | Interface | Flags |
[   25.860909] [cloud-init[0;32m  OK  [0m[930]: ] ci-info: +-------+-------------+----------+---------------+-----------+-------+Started Daily apt download activities.

[[0;32m  OK  [0m] Started Daily apt upgrade and clean activities.
[   25.861954] cloud-init[930]: ci-info: |   0   |   0.0.0.0   | 10.0.2.2 |    0.0.0.0    |   enp0s3  |   UG  |
[[0;32m  OK  [0m] Reached target Timers.
[[0;32m  OK  [0m] Reached target Cloud-config availability.
[   25.941956] cloud-init[930]: ci-info: |   1   |   10.0.2.0  | 0.0.0.0  | 255.255.255.0 |   enp0s3  |   U   |
[   26.096634] [cloud-init[0;32m  OK  [0m[930]: ] ci-info: +-------+-------------+----------+---------------+-----------+-------+Listening on LXD - unix socket.

[   26.192830] [cloud-init[0;32m  OK  [0m[930]: ] Generating public/private rsa key pair.Listening on Socket activation for snappy daemon.

[   26.249143] [cloud-init[0;32m  OK  [0m[930]: ] Your identification has been saved in /etc/ssh/ssh_host_rsa_key.Started iSCSI initiator daemon (iscsid).

[   26.250341] cloud-init[930]: Your public key has been saved in /etc/ssh/ssh_host_rsa_key.pub.
[   26.356841]          cloud-initStarting Login to default iSCSI targets...[930]: 
The key fingerprint is:
[   26.420799] [cloud-init[0;32m  OK  [0m[930]: ] SHA256:tf502VfJ4UuU1sz8cgURwWdNSx/Jha8mp9ml+Ofn69U root@ubuntu-xenialReached target Sockets.

[   26.485180] [cloud-init[0;32m  OK  [0m[930]: ] The key's randomart image is:Reached target Basic System.

[[0;32m  OK  [0m] Started Unattended Upgrades Shutdown.
[   26.486468] cloud-init[930]: +---[RSA 2048]----+
[   26.584566] cloud-init[930]: |             .*O*|
         Starting LSB: MD monitoring daemon...
[   26.586028] cloud-init[930]: |              +BX|
[   26.651310] cloud-init[930]: |          .    XB|
[[0;32m  OK  [0m] Started FUSE filesystem for LXC.
[   26.653068] cloud-init[930]: |         . .  = *|
[   26.713883] cloud-init[930]: |        S .   .*+|
[   26.732304]          cloud-initStarting LXD - container startup/shutdown...[930]: 
|         .  . ===|
[   26.756503]          cloud-initStarting Accounts Service...[930]: 
|          . .Oo+E|
[   26.804731]          cloud-initStarting Login Service...[930]: 
|           o+.o =|
[   26.843672]          cloud-initStarting Pollinate to seed the pseudo random number generator...[930]: 
|            ..o*=|
         Starting System Logging Service...
[   26.888392] cloud-init[930]: +----[SHA256]-----+
[[0;32m  OK  [0m] Started Deferred execution scheduler.
[   26.930597] cloud-init[930]: Generating public/private dsa key pair.
[   26.969039] [cloud-init[0;32m  OK  [0m[930]: ] Your identification has been saved in /etc/ssh/ssh_host_dsa_key.Started D-Bus System Message Bus.

[   26.969998] cloud-init[930]: Your public key has been saved in /etc/ssh/ssh_host_dsa_key.pub.
         Starting LSB: Record successful boot for GRUB...
[   27.042137] cloud-init[930]: The key fingerprint is:
[[0;32m  OK  [0m] Started Snappy daemon.
[   27.082922]          cloud-initStarting Auto import assertions from block devices...[930]: 
SHA256:epFAM6uZsdl8KKORwyHSfdoxlkFkxfVkbxHyKE4QVvk root@ubuntu-xenial
[   27.108554] [cloud-init[0;32m  OK  [0m[930]: ] The key's randomart image is:Started Regular background program processing daemon.

[   27.109336] cloud-init[930]: +---[DSA 1024]----+
[   27.189293]          cloud-initStarting Apply the settings specified in cloud-config...[930]: 
|     oOo=+o.+ o. |
[   27.240504]          cloud-initStarting /etc/rc.local Compatibility...[930]: 
| . . o B...+ = . |
[   27.288439] [cloud-init[0;32m  OK  [0m[930]: ] |o o o O   o.o +  |Started ACPI event daemon.

[   27.289715] cloud-init[930]: |.o o # = + .E.   |
[[0;32m  OK  [0m] Started System Logging Service.
[[0;32m  OK  [0m] Started LXD - container startup/shutdown.
[[0;32m  OK  [0m] Started Auto import assertions from block devices.
[[0;32m  OK  [0m] Started /etc/rc.local Compatibility.
[   27.324946] cloud-init[930]: |  = X = S .      |
[   27.404632] [cloud-init[0;32m  OK  [0m[930]: ] |   + o o .       |Started LSB: MD monitoring daemon.

[   27.405518] cloud-init[930]: |  .   . .        |
[   27.445745] cloud-init[930]: |       .         |
[   27.457229] cloud-init[930]: |                 |
[[0;32m  OK  [0m] Started Login to default iSCSI targets.
[   27.475380] cloud-init[930]: +----[SHA256]-----+
[   27.520572] cloud-init[930]: Generating public/private ecdsa key pair.
[   27.544908] cloud-init[930]: Your identification has been saved in /etc/ssh/ssh_host_ecdsa_key.
[[0;32m  OK  [0m] Started LSB: Record successful boot for GRUB.
[   27.600269] cloud-init[930]: Your public key has been saved in /etc/ssh/ssh_host_ecdsa_key.pub.
[   27.661828] cloud-init[930]: The key fingerprint is:
[[0;32m  OK  [0m] Started Login Service.
[   27.700252] cloud-init[930]: SHA256:u+viDlM9Ap2cwE+lsGtC9O0SAQDJfx2u+KISrvKRR8M root@ubuntu-xenial
         Starting Authenticate and Authorize Users to Run Privileged Tasks...
[[0;32m  OK  [0m] Reached target Remote File Systems (Pre).
[[0;32m  OK  [0m] Reached target Remote File Systems.
[   27.768085] cloud-init[930]: The key's randomart image is:
         Starting LSB: Set the CPU Frequency Scaling governor to "ondemand"...
[   27.898903] cloud-init[930]: +---[ECDSA 256]---+
         Starting LSB: automatic crash report generation...
[   27.971518] cloud-init[930]: |=ooo+  ..        |
         Starting Permit User Sessions...
         Starting LSB: daemon to balance interrupts for SMP systems...
[   28.036517] cloud-init[930]: |.o ..O.=         |
[   28.096582] cloud-init[930]: |  o =oX .        |
         Starting LSB: VirtualBox Linux Additions...
[   28.097496] cloud-init[930]: | . o *.+         |
[   28.144598] cloud-init[930]: |  . E = S        |
[[0;32m  OK  [0m] Started Pollinate to seed the pseudo random number generator.
[   28.145106] cloud-init[930]: |.  * = . o       |
[   28.260844] cloud-init[930]: |..o =   .        |
[   28.261281] cloud-init[930]: |o. + +.  .       |
[   28.261664] cloud-init[930]: |=oo .ooo+.       |
[   28.261711] cloud-init[930]: +----[SHA256]-----+
[   28.261759] cloud-init[930]: Generating public/private ed25519 key pair.
[   28.261801] cloud-init[930]: Your identification has been saved in /etc/ssh/ssh_host_ed25519_key.
[   28.261851] cloud-init[930]: Your public key has been saved in /etc/ssh/ssh_host_ed25519_key.pub.
[[0;32m  OK  [0m] Started Permit User Sessions.
[   28.261954] cloud-init[930]: The key fingerprint is:
[[   28.376748] cloud-init[930]: SHA256:yb5T6r9DZZKkuePMsFXQSlxiye+e13ZQCk2Tetm8++c root@ubuntu-xenial
[0;32m  OK  [0m] Started Authenticate and Authorize Users to Run Privileged Tasks.
[   28.377819] cloud-init[930]: The key's randomart image is:
[[0;32m  OK  [0m] Started Accounts Service.
[   28.516762] cloud-init[930]: +--[ED25519 256]--+
[   28.580888] cloud-init[930]: |       oo+.    . |
[   28.581438] cloud-init[930]: |       .*.o   +  |
[[0;32m  OK  [0m] Started LSB: Set the CPU Frequency Scaling governor to "ondemand".
[   28.581839] cloud-init[930]: |       . B . + = |
[   28.692798] cloud-init[930]: |       .+.= = + +|
[   28.722197] cloud-init[930]: |        S+ + o o.|
[[0;32m  OK  [0m] Started LSB: automatic crash report generation.
[   28.722801] cloud-init[930]: |      ..+ +   o. |
         Starting Terminate Plymouth Boot Screen...
[   28.796315] cloud-init[930]: |       B.* . . ..|
[   28.829815] cloud-init[930]: |      . *.+ . o.o|
[   28.830774] cloud-init[930]: |       .ooo+ . oE|
         Starting Hold until boot process finishes up...
[   28.831125] cloud-init[930]: +----[SHA256]-----+
         Starting OpenBSD Secure Shell server...
[   28.948930] cloud-init[1122]: Generating locales (this might take a while)...
[[0;32m  OK  [0m] Started OpenBSD Secure Shell server.
[[0;32m  OK  [0m] Started LSB: daemon to balance interrupts for SMP systems.
[[0;32m  OK  [0m] Started LSB: VirtualBox Linux Additions.
[[0;32m  OK  [0m] Started Terminate Plymouth Boot Screen.
[[   29.120843] cloud-init[1122]:   en_US.UTF-8... done
[   29.122969] cloud-init[1122]: Generation complete.
[0;32m  OK  [0m] Started Hold until boot process finishes up.
[[0;32m  OK  [0m] Started Getty on tty1.
         Starting Set console scheme...
[[0;32m  OK  [0m] Started Serial Getty on ttyS0.
[[0;32m  OK  [0m] Reached target Login Prompts.
[[0;32m  OK  [0m] Reached target Multi-User System.
[[0;32m  OK  [0m] Reached target Graphical Interface.
         Starting Update UTMP about System Runlevel Changes...
[[0;32m  OK  [0m] Started Set console scheme.
[[0;32m  OK  [0m] Started Update UTMP about System Runlevel Changes.
         Stopping OpenBSD Secure Shell server...
[[0;32m  OK  [0m] Stopped OpenBSD Secure Shell server.
         Starting OpenBSD Secure Shell server...
[[0;32m  OK  [0m] Started OpenBSD Secure Shell server.
[[0;32m  OK  [0m] Created slice User Slice of ubuntu.
         Starting User Manager for UID 1000...
[[0;32m  OK  [0m] Started Session 1 of user ubuntu.
[[0;32m  OK  [0m] Started User Manager for UID 1000.
[   29.867033] cloud-init[1122]: Cloud-init v. 0.7.9 running 'modules:config' at Thu, 14 Dec 2017 22:10:01 +0000. Up 27.67 seconds.
[[0;32m  OK  [0m] Started Apply the settings specified in cloud-config.
         Starting Execute cloud user/final scripts...
ci-info: no authorized ssh keys fingerprints found for user ubuntu.
<14>Dec 14 22:10:04 ec2: 
<14>Dec 14 22:10:04 ec2: #############################################################
<14>Dec 14 22:10:04 ec2: -----BEGIN SSH HOST KEY FINGERPRINTS-----
<14>Dec 14 22:10:04 ec2: 1024 SHA256:epFAM6uZsdl8KKORwyHSfdoxlkFkxfVkbxHyKE4QVvk root@ubuntu-xenial (DSA)
<14>Dec 14 22:10:04 ec2: 256 SHA256:u+viDlM9Ap2cwE+lsGtC9O0SAQDJfx2u+KISrvKRR8M root@ubuntu-xenial (ECDSA)
<14>Dec 14 22:10:04 ec2: 256 SHA256:yb5T6r9DZZKkuePMsFXQSlxiye+e13ZQCk2Tetm8++c root@ubuntu-xenial (ED25519)
<14>Dec 14 22:10:04 ec2: 2048 SHA256:tf502VfJ4UuU1sz8cgURwWdNSx/Jha8mp9ml+Ofn69U root@ubuntu-xenial (RSA)
<14>Dec 14 22:10:04 ec2: -----END SSH HOST KEY FINGERPRINTS-----
<14>Dec 14 22:10:04 ec2: #############################################################
-----BEGIN SSH HOST KEY KEYS-----
ecdsa-sha2-nistp256 AAAAE2VjZHNhLXNoYTItbmlzdHAyNTYAAAAIbmlzdHAyNTYAAABBBHw3+RCCSQz2t49NsbIQRc+csQMNMWZhCuupaMNqprk16ad3kYqQhV/+n76/9OlhP4+AJNbIt5l8anp9QAgDKPE= root@ubuntu-xenial
ssh-ed25519 AAAAC3NzaC1lZDI1NTE5AAAAIBK4L5BINfv1hu2TsxIzwNaGIX2XX0h9eF0KOL6JaJOm root@ubuntu-xenial
ssh-rsa AAAAB3NzaC1yc2EAAAADAQABAAABAQDb+60QScgOr3Po7+N4oCNJerGqkIUbwY7jv+CBEAd+HIxPADCUJ/w9e8e7WZLKguLWnYeoNhLBOAym6HjColTq78FOAdFPidG2BtmeLU7GYPc0GIjv0fqzWu8kGpH/9G7ZNIR0nD2bcRGQQ7j1h/2dLKm3OllFKwkknYEBp0qXucqid6rF5WQUW5++sbU2vWN2ht5HoJRx8VTxaM0y8N0MlK0lIHuBsRgIPcrmx0xsmbqqaplZADTyhqG/w+n5qFBhchiXBKSIueacw3PZ9PFB6MRGW06u/q7Lp+mJ3aC1PRAfQHcbkgVVefQr3CU0hUAQpCLAfRT9QbemmMzE4u+Z root@ubuntu-xenial
-----END SSH HOST KEY KEYS-----
[   31.187450] cloud-init[1369]: Cloud-init v. 0.7.9 running 'modules:final' at Thu, 14 Dec 2017 22:10:04 +0000. Up 30.39 seconds.
[   31.217680] cloud-init[1369]: ci-info: no authorized ssh keys fingerprints found for user ubuntu.
[   31.241075] cloud-init[1369]: Cloud-init v. 0.7.9 finished at Thu, 14 Dec 2017 22:10:04 +0000. Datasource DataSourceNoCloud [seed=/dev/sdb][dsmode=net].  Up 31.12 seconds
[[0;32m  OK  [0m] Started Execute cloud user/final scripts.
[[0;32m  OK  [0m] Reached target Cloud-init target.

Ubuntu 16.04.3 LTS ubuntu-xenial ttyS0

ubuntu-xenial login: 